====================================================================================
Lever A 死维删除验证 (redkey 段·max_states=300000)
====================================================================================
起点 MT9(9,7) HP=166 ATK=22 DEF=20 goal=('MT8', 10, 2)
前向 475.7s | 节点=91746 distinct_fp=9416 生成=300006 hit_cap=True

【每层 Pareto 厚度（节点/指纹）·各删维档对比】
      层      指纹 |        原版6维       删gold       删kill  删gold+kill
  ---------------------------------------------------------------
    MT7    6262 |        4.24        2.37        4.00        1.91
    MT9    2402 |        2.41        1.55        2.18        1.21
    MT6     348 |        6.14        4.53        5.96        4.17
    MT8     327 |        4.35        3.16        3.69        2.62
    MT4      41 |        7.29        5.07        7.24        5.07
    MT5       8 |       22.62       12.62       21.88       11.25
    MT3      23 |        5.70        3.78        5.70        3.78
   MT10       5 |        2.20        1.40        2.20        1.20

【全段汇总】
  distinct_fp = 9416（各档恒等·删价值维不改 _qfp 指纹 → 坐实§S49：删 gold/kill 治不了指纹主因）
             档      总节点(fp×vec)       平均厚度       相对原版
          原版6维            36504       3.88          —
         删gold            21593       2.29     -40.8%
         删kill            34210       3.63      -6.3%
    删gold+kill            17606       1.87     -51.8%

【MT7 重点】指纹=6262
          原版6维: 厚度 4.24  (节点 26526)
         删gold: 厚度 2.37  (节点 14863)
         删kill: 厚度 4.00  (节点 25076)
    删gold+kill: 厚度 1.91  (节点 11991)
  → MT7 厚度 4.24 → 1.91（删 gold+kill 合并 14535 个伪非支配点·这些仅靠 gold/kill 高虚占前沿）
