========================================================================================
Lever B 第7步·离线紧度验证 (redkey 段·max_states=300000·fly OFF)
========================================================================================
起点 MT9(9,7) HP=166 ATK=22 DEF=20 goal=('MT8', 10, 2) 段=['MT1', 'MT3', 'MT4', 'MT5', 'MT6', 'MT7', 'MT8', 'MT9', 'MT10']

段内血/怪普查 0.0s：满血 G_total(tok454)=2150 (各层 {MT1:400, MT3:200, MT4:250, MT5:50, MT6:150, MT7:450, MT8:350, MT9:100, MT10:200})
  怪 85 只（8 种）| superPotion=0 → G 加常量上界 0（pickup=null·防 G 低估·略松但保可采纳）

[枚举] 复刻 §S49/Lever A 前向（每新节点算 U_adm0/U_aggr）...
  498.4s | 节点=91746 distinct_fp=9416 生成=300006 hit_cap=True
  node0: U_adm0=2316 (=hp0+G_remaining@node0)  内部LB(到红钥最优hp)=无(300k没够到红钥·同§S47)→靠外部LB/扫描
  段内属性天花板(实测 max)：ATK=23 DEF=22（玩家'够用血量受段内属性天花板钉死'→ D必经 在此天花板下接近精确）

【lost_so_far 分布（从 node0 起已损血 = REF−U_adm0）·各层 min/中位/max】
  （U_adm0=hp+G_full 严格可采纳·D=0；要剪到 LB 需 lost≥REF−LB=2316−LB）
      层     指纹      节点 |  lost_min   lost_中位  lost_max
  ------------------------------------------------------------
    MT7   6262   60986 |         0       124       482
    MT9   2402   14229 |         0       128       452
    MT6    348    8388 |         0       198       500
    MT8    327    4077 |         0       132       452
    MT4     41    2004 |         0       160       434
    MT5      8    1411 |         0       180       478
    MT3     23     635 |         0       114       386
   MT10      5      16 |        18        62       190

========================================================================================
【核心·MT7 指纹消灭%】行=LB·列=α(必打损血/清光损血比例)。α=0=严格可采纳下界(=0预期)。
  指纹消灭=该指纹【全部】vec 的 U≤LB（直接砍 6262 MT7 指纹的比例）。读法：现实 α 大约多少→对应列。

—— MT7 指纹消灭% ——
    LB\α |   0.00   0.10   0.20   0.30   0.40   0.50   0.75   1.00
  ----------------------------------------------------------------
       0 |     0%     0%     0%    59%   100%   100%   100%   100%
      50 |     0%     0%     0%    65%   100%   100%   100%   100%
     100 |     0%     0%     0%    65%   100%   100%   100%   100%
     150 |     0%     0%     0%    65%   100%   100%   100%   100%
     200 |     0%     0%     0%    67%   100%   100%   100%   100%
     300 |     0%     0%     0%    80%   100%   100%   100%   100%
     400 |     0%     0%     0%    97%   100%   100%   100%   100%
     500 |     0%     0%     4%   100%   100%   100%   100%   100%
     587 |     0%     0%    11%   100%   100%   100%   100%   100%

—— MT7 节点剪枝% ——
    LB\α |   0.00   0.10   0.20   0.30   0.40   0.50   0.75   1.00
  ----------------------------------------------------------------
       0 |     0%     0%     0%    56%   100%   100%   100%   100%
      50 |     0%     0%     0%    61%   100%   100%   100%   100%
     100 |     0%     0%     0%    61%   100%   100%   100%   100%
     150 |     0%     0%     0%    61%   100%   100%   100%   100%
     200 |     0%     0%     0%    62%   100%   100%   100%   100%
     300 |     0%     0%     0%    80%   100%   100%   100%   100%
     400 |     0%     0%     0%    99%   100%   100%   100%   100%
     500 |     0%     0%     2%   100%   100%   100%   100%   100%
     587 |     0%     0%     7%   100%   100%   100%   100%   100%

—— 全段 节点剪枝%（None=全部楼层合计）——
    LB\α |   0.00   0.10   0.20   0.30   0.40   0.50   0.75   1.00
  ----------------------------------------------------------------
       0 |     0%     0%     0%    49%   100%   100%   100%   100%
      50 |     0%     0%     0%    52%   100%   100%   100%   100%
     100 |     0%     0%     0%    53%   100%   100%   100%   100%
     150 |     0%     0%     0%    53%   100%   100%   100%   100%
     200 |     0%     0%     0%    55%   100%   100%   100%   100%
     300 |     0%     0%     0%    79%   100%   100%   100%   100%
     400 |     0%     0%     0%    99%   100%   100%   100%   100%
     500 |     0%     0%     2%   100%   100%   100%   100%   100%
     587 |     0%     0%     8%   100%   100%   100%   100%   100%

【判读·据实不替玩家拍】
  · α=0 列 = 严格可采纳【下界】(hp+G_full·D=0)：≈0% 是预期(G_full 太松·见 lost_max)。
  · 看 MT7 指纹消灭% 随 α 上升的【曲线拐点】：若需 α 很大(必打≈清光全怪)才砍得动 → 说明红钥有
    旁路(钥门绕守卫)使 D必经【小】→ 可采纳 B&B 砍不动 MT7 → 倾向兜底【更聪明 Φ】。
    若 α 很小(少量必打)就砍掉大半 MT7 指纹 → D必经 足够大 → 值得实现【割点法精确 D必经 + B&B】。
  · 真 α(=D必经/清光) 须割点法(乐观图:开全门/怪可穿·求 start→goal 的割怪)定，本脚本不臆断、留玩家拍。
